[INFO  - 2017-04-21T08:44:07.905Z] GhostDriver - Main - running on port 61636
[INFO  - 2017-04-21T08:44:09.324Z] Session [afa2ce70-266e-11e7-91ba-1b862b634390] - page.settings - {"XSSAuditingEnabled":false,"javascriptCanCloseWindows":true,"javascriptCanOpenWindows":true,"javascriptEnabled":true,"loadImages":false,"localToRemoteUrlAccessEnabled":false,"userAgent":"Mozilla/5.0 (Windows NT 6.1; WOW64) AppleWebKit/538.1 (KHTML, like Gecko) PhantomJS/2.1.1 Safari/538.1","webSecurityEnabled":true}
[INFO  - 2017-04-21T08:44:09.325Z] Session [afa2ce70-266e-11e7-91ba-1b862b634390] - page.customHeaders:  - {}
[INFO  - 2017-04-21T08:44:09.325Z] Session [afa2ce70-266e-11e7-91ba-1b862b634390] - Session.negotiatedCapabilities - {"browserName":"phantomjs","version":"2.1.1","driverName":"ghostdriver","driverVersion":"1.2.0","platform":"windows-7-32bit","javascriptEnabled":true,"takesScreenshot":true,"handlesAlerts":false,"databaseEnabled":false,"locationContextEnabled":false,"applicationCacheEnabled":false,"browserConnectionEnabled":false,"cssSelectorsEnabled":true,"webStorageEnabled":false,"rotatable":false,"acceptSslCerts":false,"nativeEvents":true,"proxy":{"proxyType":"direct"}}
[INFO  - 2017-04-21T08:44:09.325Z] SessionManagerReqHand - _postNewSessionCommand - New Session Created: afa2ce70-266e-11e7-91ba-1b862b634390
[ERROR - 2017-04-21T08:44:11.300Z] Session [afa2ce70-266e-11e7-91ba-1b862b634390] - page.onError - msg: kg/search-suggest/6.2.11/new_suggest.css is not loaded! can not find module in path : https://g.alicdn.com/kg/??search-suggest/6.2.11/new_suggest-min.css

  phantomjs://platform/console++.js:263 in error
[ERROR - 2017-04-21T08:44:11.300Z] Session [afa2ce70-266e-11e7-91ba-1b862b634390] - page.onError - stack:
  (anonymous function) (https://g.alicdn.com/??kissy/k/6.2.4/seed-min.js,kg/global-util/1.0.5/index-min.js,tb/tracker/4.0.1/p/index/index.js,kg/tb-nav/2.2.0/index-min.js,secdev/sufei_data/2.2.0/index.js:5)

  phantomjs://platform/console++.js:263 in error
[ERROR - 2017-04-21T08:44:11.303Z] Session [afa2ce70-266e-11e7-91ba-1b862b634390] - page.onError - msg: kg/search-suggest/6.2.11/index is not loaded! can not find module in path : https://g.alicdn.com/kg/??search-suggest/6.2.11/index-min.js,search-suggest/6.2.11/plugin/history-min.js,search-suggest/6.2.11/plugin/cloud-min.js,search-suggest/6.2.11/plugin/tab-min.js,search-suggest/6.2.11/plugin/history-magic-min.js,search-suggest/6.2.11/plugin/imgsearch-min.js,search-suggest/6.2.11/theme/pailitao/index-min.js

  phantomjs://platform/console++.js:263 in error
[ERROR - 2017-04-21T08:44:11.303Z] Session [afa2ce70-266e-11e7-91ba-1b862b634390] - page.onError - stack:
  (anonymous function) (https://g.alicdn.com/??kissy/k/6.2.4/seed-min.js,kg/global-util/1.0.5/index-min.js,tb/tracker/4.0.1/p/index/index.js,kg/tb-nav/2.2.0/index-min.js,secdev/sufei_data/2.2.0/index.js:5)

  phantomjs://platform/console++.js:263 in error
[ERROR - 2017-04-21T08:44:11.303Z] Session [afa2ce70-266e-11e7-91ba-1b862b634390] - page.onError - msg: kg/search-suggest/6.2.11/plugin/history is not loaded! can not find module in path : https://g.alicdn.com/kg/??search-suggest/6.2.11/index-min.js,search-suggest/6.2.11/plugin/history-min.js,search-suggest/6.2.11/plugin/cloud-min.js,search-suggest/6.2.11/plugin/tab-min.js,search-suggest/6.2.11/plugin/history-magic-min.js,search-suggest/6.2.11/plugin/imgsearch-min.js,search-suggest/6.2.11/theme/pailitao/index-min.js

  phantomjs://platform/console++.js:263 in error
[ERROR - 2017-04-21T08:44:11.303Z] Session [afa2ce70-266e-11e7-91ba-1b862b634390] - page.onError - stack:
  (anonymous function) (https://g.alicdn.com/??kissy/k/6.2.4/seed-min.js,kg/global-util/1.0.5/index-min.js,tb/tracker/4.0.1/p/index/index.js,kg/tb-nav/2.2.0/index-min.js,secdev/sufei_data/2.2.0/index.js:5)

  phantomjs://platform/console++.js:263 in error
[ERROR - 2017-04-21T08:44:11.303Z] Session [afa2ce70-266e-11e7-91ba-1b862b634390] - page.onError - msg: kg/search-suggest/6.2.11/plugin/cloud is not loaded! can not find module in path : https://g.alicdn.com/kg/??search-suggest/6.2.11/index-min.js,search-suggest/6.2.11/plugin/history-min.js,search-suggest/6.2.11/plugin/cloud-min.js,search-suggest/6.2.11/plugin/tab-min.js,search-suggest/6.2.11/plugin/history-magic-min.js,search-suggest/6.2.11/plugin/imgsearch-min.js,search-suggest/6.2.11/theme/pailitao/index-min.js

  phantomjs://platform/console++.js:263 in error
[ERROR - 2017-04-21T08:44:11.304Z] Session [afa2ce70-266e-11e7-91ba-1b862b634390] - page.onError - stack:
  (anonymous function) (https://g.alicdn.com/??kissy/k/6.2.4/seed-min.js,kg/global-util/1.0.5/index-min.js,tb/tracker/4.0.1/p/index/index.js,kg/tb-nav/2.2.0/index-min.js,secdev/sufei_data/2.2.0/index.js:5)

  phantomjs://platform/console++.js:263 in error
[ERROR - 2017-04-21T08:44:11.304Z] Session [afa2ce70-266e-11e7-91ba-1b862b634390] - page.onError - msg: kg/search-suggest/6.2.11/plugin/tab is not loaded! can not find module in path : https://g.alicdn.com/kg/??search-suggest/6.2.11/index-min.js,search-suggest/6.2.11/plugin/history-min.js,search-suggest/6.2.11/plugin/cloud-min.js,search-suggest/6.2.11/plugin/tab-min.js,search-suggest/6.2.11/plugin/history-magic-min.js,search-suggest/6.2.11/plugin/imgsearch-min.js,search-suggest/6.2.11/theme/pailitao/index-min.js

  phantomjs://platform/console++.js:263 in error
[ERROR - 2017-04-21T08:44:11.304Z] Session [afa2ce70-266e-11e7-91ba-1b862b634390] - page.onError - stack:
  (anonymous function) (https://g.alicdn.com/??kissy/k/6.2.4/seed-min.js,kg/global-util/1.0.5/index-min.js,tb/tracker/4.0.1/p/index/index.js,kg/tb-nav/2.2.0/index-min.js,secdev/sufei_data/2.2.0/index.js:5)

  phantomjs://platform/console++.js:263 in error
[ERROR - 2017-04-21T08:44:11.304Z] Session [afa2ce70-266e-11e7-91ba-1b862b634390] - page.onError - msg: kg/search-suggest/6.2.11/plugin/history-magic is not loaded! can not find module in path : https://g.alicdn.com/kg/??search-suggest/6.2.11/index-min.js,search-suggest/6.2.11/plugin/history-min.js,search-suggest/6.2.11/plugin/cloud-min.js,search-suggest/6.2.11/plugin/tab-min.js,search-suggest/6.2.11/plugin/history-magic-min.js,search-suggest/6.2.11/plugin/imgsearch-min.js,search-suggest/6.2.11/theme/pailitao/index-min.js

  phantomjs://platform/console++.js:263 in error
[ERROR - 2017-04-21T08:44:11.304Z] Session [afa2ce70-266e-11e7-91ba-1b862b634390] - page.onError - stack:
  (anonymous function) (https://g.alicdn.com/??kissy/k/6.2.4/seed-min.js,kg/global-util/1.0.5/index-min.js,tb/tracker/4.0.1/p/index/index.js,kg/tb-nav/2.2.0/index-min.js,secdev/sufei_data/2.2.0/index.js:5)

  phantomjs://platform/console++.js:263 in error
[ERROR - 2017-04-21T08:44:11.304Z] Session [afa2ce70-266e-11e7-91ba-1b862b634390] - page.onError - msg: kg/search-suggest/6.2.11/plugin/imgsearch is not loaded! can not find module in path : https://g.alicdn.com/kg/??search-suggest/6.2.11/index-min.js,search-suggest/6.2.11/plugin/history-min.js,search-suggest/6.2.11/plugin/cloud-min.js,search-suggest/6.2.11/plugin/tab-min.js,search-suggest/6.2.11/plugin/history-magic-min.js,search-suggest/6.2.11/plugin/imgsearch-min.js,search-suggest/6.2.11/theme/pailitao/index-min.js

  phantomjs://platform/console++.js:263 in error
[ERROR - 2017-04-21T08:44:11.304Z] Session [afa2ce70-266e-11e7-91ba-1b862b634390] - page.onError - stack:
  (anonymous function) (https://g.alicdn.com/??kissy/k/6.2.4/seed-min.js,kg/global-util/1.0.5/index-min.js,tb/tracker/4.0.1/p/index/index.js,kg/tb-nav/2.2.0/index-min.js,secdev/sufei_data/2.2.0/index.js:5)

  phantomjs://platform/console++.js:263 in error
[ERROR - 2017-04-21T08:44:11.305Z] Session [afa2ce70-266e-11e7-91ba-1b862b634390] - page.onError - msg: kg/search-suggest/6.2.11/theme/pailitao/index is not loaded! can not find module in path : https://g.alicdn.com/kg/??search-suggest/6.2.11/index-min.js,search-suggest/6.2.11/plugin/history-min.js,search-suggest/6.2.11/plugin/cloud-min.js,search-suggest/6.2.11/plugin/tab-min.js,search-suggest/6.2.11/plugin/history-magic-min.js,search-suggest/6.2.11/plugin/imgsearch-min.js,search-suggest/6.2.11/theme/pailitao/index-min.js

  phantomjs://platform/console++.js:263 in error
[ERROR - 2017-04-21T08:44:11.305Z] Session [afa2ce70-266e-11e7-91ba-1b862b634390] - page.onError - stack:
  (anonymous function) (https://g.alicdn.com/??kissy/k/6.2.4/seed-min.js,kg/global-util/1.0.5/index-min.js,tb/tracker/4.0.1/p/index/index.js,kg/tb-nav/2.2.0/index-min.js,secdev/sufei_data/2.2.0/index.js:5)

  phantomjs://platform/console++.js:263 in error
[ERROR - 2017-04-21T08:44:11.324Z] Session [afa2ce70-266e-11e7-91ba-1b862b634390] - page.onError - msg: p/tbh-headline/index is not loaded! can not find module in path : https://g.alicdn.com/tbh/backup/0.0.8/p/tbh-headline/index.js

  phantomjs://platform/console++.js:263 in error
[ERROR - 2017-04-21T08:44:11.324Z] Session [afa2ce70-266e-11e7-91ba-1b862b634390] - page.onError - stack:
  (anonymous function) (https://g.alicdn.com/??kissy/k/6.2.4/seed-min.js,kg/global-util/1.0.5/index-min.js,tb/tracker/4.0.1/p/index/index.js,kg/tb-nav/2.2.0/index-min.js,secdev/sufei_data/2.2.0/index.js:5)

  phantomjs://platform/console++.js:263 in error
[ERROR - 2017-04-21T08:44:16.473Z] WebElementLocator - _handleLocateCommand - Element(s) NOT Found: GAVE UP. Search Stop Time: 1492764256432

  phantomjs://platform/console++.js:263 in error
